<?xml version="1.0" encoding="UTF-8"?>
<testsuite xmlns:xsi="http://www.w3.org/2001/XMLSchema-instance" xsi:noNamespaceSchemaLocation="https://maven.apache.org/surefire/maven-surefire-plugin/xsd/surefire-test-report-3.0.xsd" version="3.0" name="steps.TestRunner" time="19.247" tests="1" errors="0" skipped="0" failures="0">
  <properties>
[...]
</properties>
  <testcase name="Should delete a submitted booking" classname="hotel reservations" time="18.313">
    <system-out><![CDATA[
@smoke
Scenario: Should delete a submitted booking &amp#27;[90m# src/test/resources/reservations.feature:17&amp#27;[0m
  &amp#27;[32mGiven &amp#27;[0m&amp#27;[32mI am on the hotel booking page&amp#27;[0m      &amp#27;[90m# steps.Steps.i_am_on_the_hotel_booking_page()&amp#27;[0m
1. current row count:3
2. current row count:3
3. current row count:4

[10, 2021-12-02, 2022-01-03, Bull, Zoe, true]
[1969-12-31, 2022-05-07, 357.9, Charles, Xavier, true]
[10, 2021-12-02, 2022-01-03, Bull, Zoe, true]
[2022-03-01, 2022-04-01, 457821.999, argle, barg, false]
[10, 2021-12-02, 2022-01-03, Bull, Zoe, true]
[20, 2021-12-02, 2022-01-03, John, Roberts, true]
[10, 2021-12-02, 2022-01-03, Bull, Zoe, true]
[10, 2021-12-02, 2022-01-03, Bull, Zoe, true]
  &amp#27;[32mAnd &amp#27;[0m&amp#27;[32mI have submitted my details&amp#27;[0m           &amp#27;[90m# steps.Steps.i_have_submitted_my_details(io.cucumber.datatable.DataTable)&amp#27;[0m
    | firstName | lastName | amount | isDeposit | checkIn    | checkOut   |
    | Zoe       | Bull     | 10     | true      | 2021-12-02 | 2022-01-03 |
[10, 2021-12-02, 2022-01-03, Bull, Zoe, true]
[1969-12-31, 2022-05-07, 357.9, Charles, Xavier, true]
[10, 2021-12-02, 2022-01-03, Bull, Zoe, true]
[2022-03-01, 2022-04-01, 457821.999, argle, barg, false]
[10, 2021-12-02, 2022-01-03, Bull, Zoe, true]
[20, 2021-12-02, 2022-01-03, John, Roberts, true]
[10, 2021-12-02, 2022-01-03, Bull, Zoe, true]
[10, 2021-12-02, 2022-01-03, Bull, Zoe, true]
  &amp#27;[32mWhen &amp#27;[0m&amp#27;[32mI delete my booking&amp#27;[0m                  &amp#27;[90m# steps.Steps.i_delete_my_booking()&amp#27;[0m
[10, 2021-12-02, 2022-01-03, Bull, Zoe, true]
[1969-12-31, 2022-05-07, 357.9, Charles, Xavier, true]
[10, 2021-12-02, 2022-01-03, Bull, Zoe, true]
[2022-03-01, 2022-04-01, 457821.999, argle, barg, false]
[10, 2021-12-02, 2022-01-03, Bull, Zoe, true]
[20, 2021-12-02, 2022-01-03, John, Roberts, true]
  &amp#27;[32mThen &amp#27;[0m&amp#27;[32mmy booking is removed from the list&amp#27;[0m  &amp#27;[90m# steps.Steps.my_booking_is_removed_from_the_list()&amp#27;[0m
]]></system-out>
    <system-err><![CDATA[SLF4J: Failed to load class "org.slf4j.impl.StaticLoggerBinder".
SLF4J: Defaulting to no-operation (NOP) logger implementation
SLF4J: See http://www.slf4j.org/codes.html#StaticLoggerBinder for further details.
Starting ChromeDriver 100.0.4896.20 (f9d71f93d32a6487809d6f35a9670c879fe97dfe-refs/branch-heads/4896@{#203}) on port 49356
Only local connections are allowed.
Please see https://chromedriver.chromium.org/security-considerations for suggestions on keeping ChromeDriver safe.
ChromeDriver was started successfully.
Apr 25, 2022 10:42:57 PM org.openqa.selenium.remote.ProtocolHandshake createSession
INFO: Detected dialect: W3C
Apr 25, 2022 10:42:57 PM org.openqa.selenium.devtools.CdpVersionFinder findNearestMatch
WARNING: Unable to find an exact match for CDP version 100, so returning the closest version found: 99
Apr 25, 2022 10:42:57 PM org.openqa.selenium.devtools.CdpVersionFinder findNearestMatch
INFO: Found CDP implementation for version 100 of 99
]]></system-err>
  </testcase>
</testsuite>